<?xml version="1.0" encoding="UTF-8"?>
<!-- Generated by org.testng.reporters.JUnitReportReporter -->
<testsuite hostname="KESHAV" name="qa.scripts.CreateInvoiceTest" tests="1" failures="0" timestamp="8 Nov 2019 13:29:23 GMT" time="19.028" errors="0">
  <testcase name="createInvoice" time="19.028" classname="qa.scripts.CreateInvoiceTest"/>
</testsuite> <!-- qa.scripts.CreateInvoiceTest -->
